This is pdfTeX, Version 3.1415926-2.3-1.40.12 (MiKTeX 2.9) (preloaded format=pdflatex 2020.9.16)  16 SEP 2020 22:16
entering extended mode
**D:/School/Â≠¶‰π†/È´ò‰∏≠/ÊõæÂ≠¶ËØæÁ®ã/‰∏òÊàêÊ°ê/12.7/work/2/2.tex
(D:/School/Â≠¶‰π†/È´ò‰∏≠/ÊõæÂ≠¶ËØæÁ®ã/‰∏òÊàêÊ°ê/12.7/work/2/2.tex
LaTeX2e <2011/06/27>
Babel <v3.8m> and hyphenation patterns for loaded.
("C:\Program Files\CTEX\MiKTeX\tex\latex\base\article.cls"
Document Class: article 2007/10/19 v1.4h Standard LaTeX document class
("C:\Program Files\CTEX\MiKTeX\tex\latex\base\size12.clo"
File: size12.clo 2007/10/19 v1.4h Standard LaTeX file (size option)
)
\c@part=\count79
\c@section=\count80
\c@subsection=\count81
\c@subsubsection=\count82
\c@paragraph=\count83
\c@subparagraph=\count84
\c@figure=\count85
\c@table=\count86
\abovecaptionskip=\skip41
\belowcaptionskip=\skip42
\bibindent=\dimen102
)
("C:\Program Files\CTEX\MiKTeX\tex\latex\ams\math\amsmath.sty"
Package: amsmath 2000/07/18 v2.13 AMS math features
\@mathmargin=\skip43

For additional information on amsmath, use the `?' option.
("C:\Program Files\CTEX\MiKTeX\tex\latex\ams\math\amstext.sty"
Package: amstext 2000/06/29 v2.01

("C:\Program Files\CTEX\MiKTeX\tex\latex\ams\math\amsgen.sty"
File: amsgen.sty 1999/11/30 v2.0
\@emptytoks=\toks14
\ex@=\dimen103
))
("C:\Program Files\CTEX\MiKTeX\tex\latex\ams\math\amsbsy.sty"
Package: amsbsy 1999/11/29 v1.2d
\pmbraise@=\dimen104
)
("C:\Program Files\CTEX\MiKTeX\tex\latex\ams\math\amsopn.sty"
Package: amsopn 1999/12/14 v2.01 operator names
)
\inf@bad=\count87
LaTeX Info: Redefining \frac on input line 211.
\uproot@=\count88
\leftroot@=\count89
LaTeX Info: Redefining \overline on input line 307.
\classnum@=\count90
\DOTSCASE@=\count91
LaTeX Info: Redefining \ldots on input line 379.
LaTeX Info: Redefining \dots on input line 382.
LaTeX Info: Redefining \cdots on input line 467.
\Mathstrutbox@=\box26
\strutbox@=\box27
\big@size=\dimen105
LaTeX Font Info:    Redeclaring font encoding OML on input line 567.
LaTeX Font Info:    Redeclaring font encoding OMS on input line 568.
\macc@depth=\count92
\c@MaxMatrixCols=\count93
\dotsspace@=\muskip10
\c@parentequation=\count94
\dspbrk@lvl=\count95
\tag@help=\toks15
\row@=\count96
\column@=\count97
\maxfields@=\count98
\andhelp@=\toks16
\eqnshift@=\dimen106
\alignsep@=\dimen107
\tagshift@=\dimen108
\tagwidth@=\dimen109
\totwidth@=\dimen110
\lineht@=\dimen111
\@envbody=\toks17
\multlinegap=\skip44
\multlinetaggap=\skip45
\mathdisplay@stack=\toks18
LaTeX Info: Redefining \[ on input line 2666.
LaTeX Info: Redefining \] on input line 2667.
)
("C:\Program Files\CTEX\MiKTeX\tex\latex\graphics\graphicx.sty"
Package: graphicx 1999/02/16 v1.0f Enhanced LaTeX Graphics (DPC,SPQR)

("C:\Program Files\CTEX\MiKTeX\tex\latex\graphics\keyval.sty"
Package: keyval 1999/03/16 v1.13 key=value parser (DPC)
\KV@toks@=\toks19
)
("C:\Program Files\CTEX\MiKTeX\tex\latex\graphics\graphics.sty"
Package: graphics 2009/02/05 v1.0o Standard LaTeX Graphics (DPC,SPQR)

("C:\Program Files\CTEX\MiKTeX\tex\latex\graphics\trig.sty"
Package: trig 1999/03/16 v1.09 sin cos tan (DPC)
)
("C:\Program Files\CTEX\MiKTeX\tex\latex\00miktex\graphics.cfg"
File: graphics.cfg 2007/01/18 v1.5 graphics configuration of teTeX/TeXLive
)
Package graphics Info: Driver file: pdftex.def on input line 91.

("C:\Program Files\CTEX\MiKTeX\tex\latex\pdftex-def\pdftex.def"
File: pdftex.def 2011/05/27 v0.06d Graphics/color for pdfTeX

("C:\Program Files\CTEX\MiKTeX\tex\generic\oberdiek\infwarerr.sty"
Package: infwarerr 2010/04/08 v1.3 Providing info/warning/message (HO)
)
("C:\Program Files\CTEX\MiKTeX\tex\generic\oberdiek\ltxcmds.sty"
Package: ltxcmds 2011/04/18 v1.20 LaTeX kernel commands for general use (HO)
)
\Gread@gobject=\count99
))
\Gin@req@height=\dimen112
\Gin@req@width=\dimen113
)
("C:\Program Files\CTEX\MiKTeX\tex\latex\geometry\geometry.sty"
Package: geometry 2010/09/12 v5.6 Page Geometry

("C:\Program Files\CTEX\MiKTeX\tex\generic\oberdiek\ifpdf.sty"
Package: ifpdf 2011/01/30 v2.3 Provides the ifpdf switch (HO)
Package ifpdf Info: pdfTeX in PDF mode is detected.
)
("C:\Program Files\CTEX\MiKTeX\tex\generic\oberdiek\ifvtex.sty"
Package: ifvtex 2010/03/01 v1.5 Switches for detecting VTeX and its modes (HO)
Package ifvtex Info: VTeX not detected.
)
("C:\Program Files\CTEX\MiKTeX\tex\generic\ifxetex\ifxetex.sty"
Package: ifxetex 2010/09/12 v0.6 Provides ifxetex conditional
)
\Gm@cnth=\count100
\Gm@cntv=\count101
\c@Gm@tempcnt=\count102
\Gm@bindingoffset=\dimen114
\Gm@wd@mp=\dimen115
\Gm@odd@mp=\dimen116
\Gm@even@mp=\dimen117
\Gm@layoutwidth=\dimen118
\Gm@layoutheight=\dimen119
\Gm@layouthoffset=\dimen120
\Gm@layoutvoffset=\dimen121
\Gm@dimlist=\toks20

("C:\Program Files\CTEX\MiKTeX\tex\latex\geometry\geometry.cfg"))
("C:\Program Files\CTEX\MiKTeX\tex\latex\amsfonts\amssymb.sty"
Package: amssymb 2009/06/22 v3.00

("C:\Program Files\CTEX\MiKTeX\tex\latex\amsfonts\amsfonts.sty"
Package: amsfonts 2009/06/22 v3.00 Basic AMSFonts support
\symAMSa=\mathgroup4
\symAMSb=\mathgroup5
LaTeX Font Info:    Overwriting math alphabet `\mathfrak' in version `bold'
(Font)                  U/euf/m/n --> U/euf/b/n on input line 96.
))
(D:\School\Â≠¶‰π†\È´ò‰∏≠\ÊõæÂ≠¶ËØæÁ®ã\‰∏òÊàêÊ°ê\12.7\work\2\2.aux)
LaTeX Font Info:    Checking defaults for OML/cmm/m/it on input line 15.
LaTeX Font Info:    ... okay on input line 15.
LaTeX Font Info:    Checking defaults for T1/cmr/m/n on input line 15.
LaTeX Font Info:    ... okay on input line 15.
LaTeX Font Info:    Checking defaults for OT1/cmr/m/n on input line 15.
LaTeX Font Info:    ... okay on input line 15.
LaTeX Font Info:    Checking defaults for OMS/cmsy/m/n on input line 15.
LaTeX Font Info:    ... okay on input line 15.
LaTeX Font Info:    Checking defaults for OMX/cmex/m/n on input line 15.
LaTeX Font Info:    ... okay on input line 15.
LaTeX Font Info:    Checking defaults for U/cmr/m/n on input line 15.
LaTeX Font Info:    ... okay on input line 15.

("C:\Program Files\CTEX\MiKTeX\tex\context\base\supp-pdf.mkii"
[Loading MPS to PDF converter (version 2006.09.02).]
\scratchcounter=\count103
\scratchdimen=\dimen122
\scratchbox=\box28
\nofMPsegments=\count104
\nofMParguments=\count105
\everyMPshowfont=\toks21
\MPscratchCnt=\count106
\MPscratchDim=\dimen123
\MPnumerator=\count107
\makeMPintoPDFobject=\count108
\everyMPtoPDFconversion=\toks22
)
*geometry* driver: auto-detecting
*geometry* detected driver: pdftex
*geometry* verbose mode - [ preamble ] result:
* driver: pdftex
* paper: a4paper
* layout: <same size as paper>
* layoutoffset:(h,v)=(0.0pt,0.0pt)
* modes: 
* h-part:(L,W,R)=(72.2698pt, 452.96826pt, 72.2698pt)
* v-part:(T,H,B)=(90.47955pt, 664.08774pt, 90.47955pt)
* \paperwidth=597.50787pt
* \paperheight=845.04684pt
* \textwidth=452.96826pt
* \textheight=664.08774pt
* \oddsidemargin=-0.00018pt
* \evensidemargin=-0.00018pt
* \topmargin=-18.79044pt
* \headheight=12.0pt
* \headsep=25.0pt
* \topskip=12.0pt
* \footskip=30.0pt
* \marginparwidth=35.0pt
* \marginparsep=10.0pt
* \columnsep=10.0pt
* \skip\footins=10.8pt plus 4.0pt minus 2.0pt
* \hoffset=0.0pt
* \voffset=0.0pt
* \mag=1000
* \@twocolumnfalse
* \@twosidefalse
* \@mparswitchfalse
* \@reversemarginfalse
* (1in=72.27pt=25.4mm, 1cm=28.453pt)

Missing character: There is no £ in font cmr17!
Missing character: There is no ∫ in font cmr17!
LaTeX Font Info:    Try loading font information for U+msa on input line 16.
("C:\Program Files\CTEX\MiKTeX\tex\latex\amsfonts\umsa.fd"
File: umsa.fd 2009/06/22 v3.00 AMS symbols A
)
LaTeX Font Info:    Try loading font information for U+msb on input line 16.

("C:\Program Files\CTEX\MiKTeX\tex\latex\amsfonts\umsb.fd"
File: umsb.fd 2009/06/22 v3.00 AMS symbols B
)
Missing character: There is no £ in font cmr17!
Missing character: There is no ∫ in font cmr17!
Missing character: There is no £ in font cmr17!
Missing character: There is no ∫ in font cmr17!
Missing character: There is no £ in font cmr17!
Missing character: There is no ∫ in font cmr17!
Missing character: There is no £ in font cmr17!
Missing character: There is no ∫ in font cmr17!
Missing character: There is no £ in font cmr17!
Missing character: There is no ∫ in font cmr17!
 [1

{C:/Program Files/CTEX/UserData/pdftex/config/pdftex.map{Unicode.sfd}{UGBK.sfd}
}] [2]
(D:\School\Â≠¶‰π†\È´ò‰∏≠\ÊõæÂ≠¶ËØæÁ®ã\‰∏òÊàêÊ°ê\12.7\work\2\2.toc)
\tf@toc=\write3
 [3] [4]
<1.jpg, id=17, 426.8748pt x 474.0912pt>
File: 1.jpg Graphic file (type jpg)
 <use 1.jpg>
Package pdftex.def Info: 1.jpg used on input line 70.
(pdftex.def)             Requested size: 426.79134pt x 474.02493pt.
 [5] [6 <D:/School/Â≠¶‰π†/È´ò‰∏≠/ÊõæÂ≠¶ËØæÁ®ã/‰∏òÊàêÊ°ê/12.7/work/2/1.jpg>]
LaTeX Font Info:    Try loading font information for OMS+cmr on input line 84.

("C:\Program Files\CTEX\MiKTeX\tex\latex\base\omscmr.fd"
File: omscmr.fd 1999/05/25 v2.5h Standard LaTeX font definitions
)
LaTeX Font Info:    Font shape `OMS/cmr/m/n' in size <12> not available
(Font)              Font shape `OMS/cmsy/m/n' tried instead on input line 84.
 [7]
Overfull \hbox (6.87209pt too wide) in paragraph at lines 126--149
 [][] 
 []

Missing character: There is no ° in font cmr12!
Missing character: There is no ≠ in font cmr12!
[8] [9] [10] <2.jpg, id=42, 428.802pt x 605.1408pt>
File: 2.jpg Graphic file (type jpg)
 <use 2.jpg>
Package pdftex.def Info: 2.jpg used on input line 228.
(pdftex.def)             Requested size: 426.79134pt x 602.32303pt.

Underfull \hbox (badness 10000) in paragraph at lines 228--229

 []

[11] [12 <D:/School/Â≠¶‰π†/È´ò‰∏≠/ÊõæÂ≠¶ËØæÁ®ã/‰∏òÊàêÊ°ê/12.7/work/2/2.jpg>]
Missing character: There is no ° in font cmr12!
Missing character: There is no Ø in font cmr12!

[13]

LaTeX Warning: No positions in optional float specifier.
               Default added (so using `tbp') on input line 288.


Overfull \hbox (33.62465pt too wide) in paragraph at lines 290--317
 [][] 
 []

[14] [15] [16] [17] [18] [19] [20] [21] [22]
<3.jpg, id=84, 429.7656pt x 261.1356pt>
File: 3.jpg Graphic file (type jpg)
 <use 3.jpg>
Package pdftex.def Info: 3.jpg used on input line 634.
(pdftex.def)             Requested size: 426.79134pt x 259.33391pt.

<4.jpg, id=85, 422.0568pt x 255.354pt>
File: 4.jpg Graphic file (type jpg)
 <use 4.jpg>
Package pdftex.def Info: 4.jpg used on input line 641.
(pdftex.def)             Requested size: 426.79134pt x 258.2328pt.
 [23 <D:/School/Â≠¶‰π†/È´ò‰∏≠/ÊõæÂ≠¶ËØæÁ®ã/‰∏òÊàêÊ°ê/12.7/work/2/3.jpg>] [24 <D
:/School/Â≠¶‰π†/È´ò‰∏≠/ÊõæÂ≠¶ËØæÁ®ã/‰∏òÊàêÊ°ê/12.7/work/2/4.jpg>] <5.jpg, id=92
, 481.8pt x 271.0125pt>
File: 5.jpg Graphic file (type jpg)

<use 5.jpg>
Package pdftex.def Info: 5.jpg used on input line 670.
(pdftex.def)             Requested size: 426.79134pt x 240.07555pt.
 [25 <D:/School/Â≠¶‰π†/È´ò‰∏≠/ÊõæÂ≠¶ËØæÁ®ã/‰∏òÊàêÊ°ê/12.7/work/2/5.jpg>] <6.jpg
, id=97, 424.9476pt x 259.2084pt>
File: 6.jpg Graphic file (type jpg)
 <use 6.jpg>
Package pdftex.def Info: 6.jpg used on input line 691.
(pdftex.def)             Requested size: 426.79134pt x 260.33498pt.
 [26 <D:/School/Â≠¶‰π†/È´ò‰∏≠/ÊõæÂ≠¶ËØæÁ®ã/‰∏òÊàêÊ°ê/12.7/work/2/6.jpg>] [27]
<7.jpg, id=104, 1028.34187pt x 489.32813pt>
File: 7.jpg Graphic file (type jpg)
 <use 7.jpg>
Package pdftex.def Info: 7.jpg used on input line 772.
(pdftex.def)             Requested size: 426.79134pt x 203.08978pt.
 [28 <D:/School/Â≠¶‰π†/È´ò‰∏≠/ÊõæÂ≠¶ËØæÁ®ã/‰∏òÊàêÊ°ê/12.7/work/2/7.jpg>] [29]
Missing character: There is no ¶ in font cmr12!
Missing character: There is no ¬ in font cmr12!
 [30]
Missing character: There is no ¶ in font cmr12!
Missing character: There is no ≤ in font cmr12!
 [31] [32] [33]
<8.jpg, id=125, 422.0568pt x 256.3176pt>
File: 8.jpg Graphic file (type jpg)
 <use 8.jpg>
Package pdftex.def Info: 8.jpg used on input line 996.
(pdftex.def)             Requested size: 426.79134pt x 259.20726pt.

<9.jpg, id=126, 423.984pt x 240.9pt>
File: 9.jpg Graphic file (type jpg)
 <use 9.jpg>
Package pdftex.def Info: 9.jpg used on input line 1028.
(pdftex.def)             Requested size: 426.79134pt x 242.50206pt.
 [34 <D:/School/Â≠¶‰π†/È´ò‰∏≠/ÊõæÂ≠¶ËØæÁ®ã/‰∏òÊàêÊ°ê/12.7/work/2/8.jpg>] [35 <D
:/School/Â≠¶‰π†/È´ò‰∏≠/ÊõæÂ≠¶ËØæÁ®ã/‰∏òÊàêÊ°ê/12.7/work/2/9.jpg>] <10.jpg, id=1
34, 315.42844pt x 92.59593pt>
File: 10.jpg Graphic file (type jpg)

<use 10.jpg>
Package pdftex.def Info: 10.jpg used on input line 1047.
(pdftex.def)             Requested size: 426.79134pt x 125.29439pt.
 <11.jpg, id=135, 1028.34187pt x 509.65407pt>
File: 11.jpg Graphic file (type jpg)
 <use 11.jpg>
Package pdftex.def Info: 11.jpg used on input line 1055.
(pdftex.def)             Requested size: 426.79134pt x 211.52582pt.

<12.jpg, id=136, 654.19406pt x 365.11406pt>
File: 12.jpg Graphic file (type jpg)
 <use 12.jpg>
Package pdftex.def Info: 12.jpg used on input line 1067.
(pdftex.def)             Requested size: 426.79134pt x 238.196pt.
 [36 <D:/School/Â≠¶‰π†/È´ò‰∏≠/ÊõæÂ≠¶ËØæÁ®ã/‰∏òÊàêÊ°ê/12.7/work/2/10.jpg>] [37 <
D:/School/Â≠¶‰π†/È´ò‰∏≠/ÊõæÂ≠¶ËØæÁ®ã/‰∏òÊàêÊ°ê/12.7/work/2/11.jpg> <D:/School/Â
≠¶‰π†/È´ò‰∏≠/ÊõæÂ≠¶ËØæÁ®ã/‰∏òÊàêÊ°ê/12.7/work/2/12.jpg>] [38]
<13.jpg, id=147, 1028.34187pt x 554.07pt>
File: 13.jpg Graphic file (type jpg)
 <use 13.jpg>
Package pdftex.def Info: 13.jpg used on input line 1103.
(pdftex.def)             Requested size: 426.79134pt x 229.96013pt.
 [39 <D:/School/Â≠¶‰π†/È´ò‰∏≠/ÊõæÂ≠¶ËØæÁ®ã/‰∏òÊàêÊ°ê/12.7/work/2/13.jpg>] [40] 
[41]
Overfull \hbox (37.42471pt too wide) in paragraph at lines 1156--1157
[]\OT1/cmr/m/n/12 http://blog.csdn.net/MATLAB[]matlab/article/details/59483185?
locationNum=10&fps=1,
 []

[42]
Underfull \hbox (badness 1635) in paragraph at lines 1163--1164
[]\OT1/cmr/m/n/12 https://blog.csdn.net/weixin[]42029738/article/details/816752
34, Hand-in writ-ing
 []

[43]
Underfull \hbox (badness 10000) in paragraph at lines 1170--1171

 []


Underfull \hbox (badness 10000) in paragraph at lines 1174--1175

 []


Underfull \hbox (badness 10000) in paragraph at lines 1178--1179

 []


Underfull \hbox (badness 10000) in paragraph at lines 1182--1183

 []

Missing character: There is no ° in font cmr12!
Missing character: There is no Ø in font cmr12!
[44]
Underfull \hbox (badness 10000) in paragraph at lines 1186--1187

 []


Underfull \hbox (badness 10000) in paragraph at lines 1190--1191

 []

[45]
Underfull \hbox (badness 10000) in paragraph at lines 1194--1195

 []

Missing character: There is no ° in font cmr12!
Missing character: There is no Ø in font cmr12!
[46] [47] [48]
(D:\School\Â≠¶‰π†\È´ò‰∏≠\ÊõæÂ≠¶ËØæÁ®ã\‰∏òÊàêÊ°ê\12.7\work\2\2.aux) ) 
Here is how much of TeX's memory you used:
 2694 strings out of 495354
 34340 string characters out of 3183075
 117013 words of memory out of 3000000
 5835 multiletter control sequences out of 15000+200000
 14304 words of font info for 55 fonts, out of 3000000 for 9000
 14 hyphenation exceptions out of 8191
 27i,15n,24p,2037b,259s stack positions out of 5000i,500n,10000p,200000b,50000s
<C:/Program
 Files/CTEX/MiKTeX/fonts/type1/public/amsfonts/cm/cmbx12.pfb><C:/Program Files/
CTEX/MiKTeX/fonts/type1/public/amsfonts/cm/cmex10.pfb><C:/Program Files/CTEX/Mi
KTeX/fonts/type1/public/amsfonts/cm/cmmi12.pfb><C:/Program Files/CTEX/MiKTeX/fo
nts/type1/public/amsfonts/cm/cmmi6.pfb><C:/Program Files/CTEX/MiKTeX/fonts/type
1/public/amsfonts/cm/cmmi8.pfb><C:/Program Files/CTEX/MiKTeX/fonts/type1/public
/amsfonts/cm/cmr12.pfb><C:/Program Files/CTEX/MiKTeX/fonts/type1/public/amsfont
s/cm/cmr17.pfb><C:/Program Files/CTEX/MiKTeX/fonts/type1/public/amsfonts/cm/cmr
6.pfb><C:/Program Files/CTEX/MiKTeX/fonts/type1/public/amsfonts/cm/cmr8.pfb><C:
/Program Files/CTEX/MiKTeX/fonts/type1/public/amsfonts/cm/cmsy10.pfb><C:/Progra
m Files/CTEX/MiKTeX/fonts/type1/public/amsfonts/cm/cmsy8.pfb><C:/Program Files/
CTEX/MiKTeX/fonts/type1/public/amsfonts/cm/cmti12.pfb><C:/Program Files/CTEX/Mi
KTeX/fonts/type1/public/amsfonts/symbols/msbm10.pfb>
Output written on 2.pdf (48 pages, 2018495 bytes).
PDF statistics:
 222 PDF objects out of 1000 (max. 8388607)
 0 named destinations out of 1000 (max. 500000)
 66 words of extra memory for PDF output out of 10000 (max. 10000000)

